<?xml version="1.0" encoding="UTF-8"?>
<!-- Generated by org.testng.reporters.JUnitReportReporter -->
<testsuite hostname="LAPTOP-NH6RVP77" failures="0" tests="4" name="TestCases.RunTestCases" time="36.119" errors="0" timestamp="2021-05-17T16:46:58 IST" skipped="0">
  <testcase classname="TestCases.RunTestCases" name="openBrowserTab" time="5.393"/>
  <system-out/>
  <testcase classname="TestCases.RunTestCases" name="PrintHospitals" time="16.595"/>
  <system-out/>
  <testcase classname="TestCases.RunTestCases" name="PrintTopCities" time="4.124"/>
  <system-out/>
  <testcase classname="TestCases.RunTestCases" name="CaptureMessage" time="10.007"/>
  <system-out/>
</testsuite> <!-- TestCases.RunTestCases -->
